<?xml version="1.0" encoding="UTF-8"?>
<!-- Generated by org.testng.reporters.JUnitReportReporter -->
<testsuite hostname="LAPTOP-LE5SPD4L" failures="0" tests="1" name="ResponseValidation.ResponseTimeValidation" time="5.036" errors="0" timestamp="2022-07-08T15:45:44 IST" skipped="0">
  <testcase classname="ResponseValidation.ResponseTimeValidation" name="responseTimeValidation" time="5.036"/>
  <system-out/>
</testsuite> <!-- ResponseValidation.ResponseTimeValidation -->
