<?xml version="1.0" encoding="UTF-8"?>
<!-- Generated by org.testng.reporters.JUnitReportReporter -->
<testsuite hostname="LAPTOP-LE5SPD4L" failures="0" tests="1" name="Parameter.QueryParameter" time="6.819" errors="0" timestamp="2022-07-08T17:07:45 IST" skipped="0">
  <testcase classname="Parameter.QueryParameter" name="queryParameter" time="6.819"/>
  <system-out/>
</testsuite> <!-- Parameter.QueryParameter -->
