<?xml version="1.0" encoding="UTF-8"?>
<!-- Generated by org.testng.reporters.JUnitReportReporter -->
<testsuite hostname="LAPTOP-LE5SPD4L" failures="0" tests="1" name="DifferentWatsToPOST.CreateProjectUsingHashmap" time="4.190" errors="0" timestamp="2022-07-07T17:48:46 IST" skipped="0">
  <testcase classname="DifferentWatsToPOST.CreateProjectUsingHashmap" name="createProjectUsingHashmap" time="4.190"/>
  <system-out/>
</testsuite> <!-- DifferentWatsToPOST.CreateProjectUsingHashmap -->
