<?xml version="1.0" encoding="UTF-8"?>
<!-- Generated by org.testng.reporters.JUnitReportReporter -->
<testsuite hostname="LAPTOP-LE5SPD4L" failures="0" tests="1" name="CRUDOperationWithBDD.CreateProject" time="8.817" errors="0" timestamp="2022-07-07T16:24:52 IST" skipped="0">
  <testcase classname="CRUDOperationWithBDD.CreateProject" name="createProject" time="8.817"/>
  <system-out/>
</testsuite> <!-- CRUDOperationWithBDD.CreateProject -->
