<?xml version="1.0" encoding="UTF-8"?>
<!-- Generated by org.testng.reporters.JUnitReportReporter -->
<testsuite hostname="LAPTOP-LE5SPD4L" failures="0" tests="1" name="CRUDOperationWithoutBDD.UpdateTheProject" time="3.909" errors="0" timestamp="2022-07-07T15:22:36 IST" skipped="0">
  <testcase classname="CRUDOperationWithoutBDD.UpdateTheProject" name="updateTheProject" time="3.909"/>
  <system-out/>
</testsuite> <!-- CRUDOperationWithoutBDD.UpdateTheProject -->
