<?xml version="1.0" encoding="UTF-8"?>
<!-- Generated by org.testng.reporters.JUnitReportReporter -->
<testsuite hostname="LAPTOP-LE5SPD4L" failures="0" tests="1" name="CRUDOperationWithBDD.UpdateProject" time="4.976" errors="0" timestamp="2022-07-07T16:39:34 IST" skipped="0">
  <testcase classname="CRUDOperationWithBDD.UpdateProject" name="updateProject" time="4.976"/>
  <system-out/>
</testsuite> <!-- CRUDOperationWithBDD.UpdateProject -->
