<?xml version="1.0" encoding="UTF-8"?>
<!-- Generated by org.testng.reporters.JUnitReportReporter -->
<testsuite hostname="LAPTOP-LE5SPD4L" failures="0" tests="1" name="ResponseValidation.DynamicResponseValidation" time="4.843" errors="0" timestamp="2022-07-08T14:35:16 IST" skipped="0">
  <testcase classname="ResponseValidation.DynamicResponseValidation" name="dynamicResponseValidation" time="4.843"/>
  <system-out/>
</testsuite> <!-- ResponseValidation.DynamicResponseValidation -->
