<?xml version="1.0" encoding="UTF-8"?>
<!-- Generated by org.testng.reporters.JUnitReportReporter -->
<testsuite hostname="LAPTOP-LE5SPD4L" failures="0" tests="1" name="CRUDOperationWithoutBDD.UpdateProject" time="3.945" errors="0" timestamp="2022-07-07T15:34:38 IST" skipped="0">
  <testcase classname="CRUDOperationWithoutBDD.UpdateProject" name="updateTheProject" time="3.945"/>
  <system-out/>
</testsuite> <!-- CRUDOperationWithoutBDD.UpdateProject -->
