<?xml version="1.0" encoding="UTF-8"?>
<!-- Generated by org.testng.reporters.JUnitReportReporter -->
<testsuite hostname="LAPTOP-LE5SPD4L" failures="0" tests="1" name="CRUDOperationWithoutBDD.UpdateTheProjectPatch" time="3.357" errors="0" timestamp="2022-07-07T15:08:41 IST" skipped="0">
  <testcase classname="CRUDOperationWithoutBDD.UpdateTheProjectPatch" name="updateTheProject" time="3.357"/>
  <system-out/>
</testsuite> <!-- CRUDOperationWithoutBDD.UpdateTheProjectPatch -->
