<?xml version="1.0" encoding="UTF-8"?>
<!-- Generated by org.testng.reporters.JUnitReportReporter -->
<testsuite hostname="LAPTOP-LE5SPD4L" failures="0" tests="1" name="PetStore.AddPetDetails" time="6.959" errors="0" timestamp="2022-07-09T21:56:22 IST" skipped="0">
  <testcase classname="PetStore.AddPetDetails" name="petStore" time="6.959"/>
  <system-out/>
</testsuite> <!-- PetStore.AddPetDetails -->
