<?xml version="1.0" encoding="UTF-8"?>
<!-- Generated by org.testng.reporters.JUnitReportReporter -->
<testsuite hostname="LAPTOP-LE5SPD4L" failures="0" tests="1" name="ResponseValidation.StaticResponseValidation" time="45.986" errors="0" timestamp="2022-07-08T15:43:58 IST" skipped="0">
  <testcase classname="ResponseValidation.StaticResponseValidation" name="staticResponseValidation" time="45.986"/>
  <system-out/>
</testsuite> <!-- ResponseValidation.StaticResponseValidation -->
