<?xml version="1.0" encoding="UTF-8"?>
<!-- Generated by org.testng.reporters.JUnitReportReporter -->
<testsuite hostname="LAPTOP-LE5SPD4L" failures="0" tests="1" name="DifferentWatsToPOST.CreateProjectUsingJsonFile" time="3.578" errors="0" timestamp="2022-07-07T17:58:48 IST" skipped="0">
  <testcase classname="DifferentWatsToPOST.CreateProjectUsingJsonFile" name="createProjectUsingJsonFile" time="3.578"/>
  <system-out/>
</testsuite> <!-- DifferentWatsToPOST.CreateProjectUsingJsonFile -->
