<?xml version="1.0" encoding="UTF-8"?>
<!-- Generated by org.testng.reporters.JUnitReportReporter -->
<testsuite hostname="LAPTOP-LE5SPD4L" failures="0" tests="1" name="RequestChaining.CreateProjectGetAndDelete" time="5.277" errors="0" timestamp="2022-07-10T12:54:36 IST" skipped="0">
  <testcase classname="RequestChaining.CreateProjectGetAndDelete" name="createProjectGetAndDelete" time="5.277"/>
  <system-out/>
</testsuite> <!-- RequestChaining.CreateProjectGetAndDelete -->
