<?xml version="1.0" encoding="UTF-8"?>
<!-- Generated by org.testng.reporters.JUnitReportReporter -->
<testsuite hostname="LAPTOP-LE5SPD4L" failures="0" tests="1" name="CRUDOperationWithoutBDD.GetSingleProject" time="2.762" errors="0" timestamp="2022-07-07T15:26:42 IST" skipped="0">
  <testcase classname="CRUDOperationWithoutBDD.GetSingleProject" name="getSingleProject" time="2.762"/>
  <system-out/>
</testsuite> <!-- CRUDOperationWithoutBDD.GetSingleProject -->
