<?xml version="1.0" encoding="UTF-8"?>
<!-- Generated by org.testng.reporters.JUnitReportReporter -->
<testsuite hostname="LAPTOP-LE5SPD4L" failures="0" tests="1" name="CRUDOperationWithBDD.GetAllProjects" time="2.757" errors="0" timestamp="2022-07-07T17:06:40 IST" skipped="0">
  <testcase classname="CRUDOperationWithBDD.GetAllProjects" name="getAllProjects" time="2.757"/>
  <system-out/>
</testsuite> <!-- CRUDOperationWithBDD.GetAllProjects -->
