<?xml version="1.0" encoding="UTF-8"?>
<!-- Generated by org.testng.reporters.JUnitReportReporter -->
<testsuite hostname="LAPTOP-LE5SPD4L" failures="0" tests="1" name="CRUDOperationWithBDD.GetSingleProject" time="3.182" errors="0" timestamp="2022-07-07T17:12:26 IST" skipped="0">
  <testcase classname="CRUDOperationWithBDD.GetSingleProject" name="getSingleProject" time="3.182"/>
  <system-out/>
</testsuite> <!-- CRUDOperationWithBDD.GetSingleProject -->
