<?xml version="1.0" encoding="UTF-8"?>
<!-- Generated by org.testng.reporters.JUnitReportReporter -->
<testsuite hostname="LAPTOP-LE5SPD4L" failures="0" tests="1" name="PetStore.GetPetDetails" time="5.522" errors="0" timestamp="2022-07-09T17:10:43 IST" skipped="0">
  <testcase classname="PetStore.GetPetDetails" name="getPetDetails" time="5.522"/>
  <system-out/>
</testsuite> <!-- PetStore.GetPetDetails -->
