<?xml version="1.0" encoding="UTF-8"?>
<!-- Generated by org.testng.reporters.JUnitReportReporter -->
<testsuite hostname="LAPTOP-LE5SPD4L" failures="0" tests="1" name="CRUDOperationWithoutBDD.DeleteTheProject" time="5.595" errors="0" timestamp="2022-07-07T13:24:12 IST" skipped="0">
  <testcase classname="CRUDOperationWithoutBDD.DeleteTheProject" name="deleteTheProject" time="5.595"/>
  <system-out/>
</testsuite> <!-- CRUDOperationWithoutBDD.DeleteTheProject -->
