<?xml version="1.0" encoding="UTF-8"?>
<!-- Generated by org.testng.reporters.JUnitReportReporter -->
<testsuite hostname="LAPTOP-LE5SPD4L" failures="0" tests="1" name="CRUDOperationWithoutBDD.CreateProjectTest" time="10.066" errors="0" timestamp="2022-07-07T14:48:01 IST" skipped="0">
  <testcase classname="CRUDOperationWithoutBDD.CreateProjectTest" name="createProjectTest" time="10.066"/>
  <system-out/>
</testsuite> <!-- CRUDOperationWithoutBDD.CreateProjectTest -->
