<?xml version="1.0" encoding="UTF-8"?>
<!-- Generated by org.testng.reporters.JUnitReportReporter -->
<testsuite hostname="LAPTOP-LE5SPD4L" failures="0" tests="1" name="CRUDOperationWithoutBDD.GetAllProject" time="4.888" errors="0" timestamp="2022-07-08T16:54:13 IST" skipped="0">
  <testcase classname="CRUDOperationWithoutBDD.GetAllProject" name="getallProject" time="4.888"/>
  <system-out/>
</testsuite> <!-- CRUDOperationWithoutBDD.GetAllProject -->
