<?xml version="1.0" encoding="UTF-8"?>
<!-- Generated by org.testng.reporters.JUnitReportReporter -->
<testsuite hostname="LAPTOP-LE5SPD4L" failures="0" tests="1" name="PathParameter.PathParaMeter" time="11.042" errors="0" timestamp="2022-07-08T16:56:11 IST" skipped="0">
  <testcase classname="PathParameter.PathParaMeter" name="pathParaMeter" time="11.042"/>
  <system-out/>
</testsuite> <!-- PathParameter.PathParaMeter -->
