<?xml version="1.0" encoding="UTF-8"?>
<!-- Generated by org.testng.reporters.JUnitReportReporter -->
<testsuite hostname="LAPTOP-LE5SPD4L" failures="0" tests="5" name="CreateProjectUsingDataProvoider.CreateProject" time="5.863" errors="0" timestamp="2022-07-10T18:11:31 IST" skipped="0">
  <testcase classname="CreateProjectUsingDataProvoider.CreateProject" name="createProject" time="0.440"/>
  <system-out/>
  <testcase classname="CreateProjectUsingDataProvoider.CreateProject" name="createProject" time="0.170"/>
  <system-out/>
  <testcase classname="CreateProjectUsingDataProvoider.CreateProject" name="createProject" time="0.133"/>
  <system-out/>
  <testcase classname="CreateProjectUsingDataProvoider.CreateProject" name="createProject" time="4.917"/>
  <system-out/>
  <testcase classname="CreateProjectUsingDataProvoider.CreateProject" name="createProject" time="0.203"/>
  <system-out/>
</testsuite> <!-- CreateProjectUsingDataProvoider.CreateProject -->
