<?xml version="1.0" encoding="UTF-8"?>
<!-- Generated by org.testng.reporters.JUnitReportReporter -->
<testsuite hostname="LAPTOP-LE5SPD4L" failures="0" tests="1" name="CRUDOperationWithBDD.DeleteProject" time="2.931" errors="0" timestamp="2022-07-07T17:05:43 IST" skipped="0">
  <testcase classname="CRUDOperationWithBDD.DeleteProject" name="deleteProject" time="2.931"/>
  <system-out/>
</testsuite> <!-- CRUDOperationWithBDD.DeleteProject -->
