<?xml version="1.0" encoding="UTF-8"?>
<!-- Generated by org.testng.reporters.JUnitReportReporter -->
<testsuite hostname="LAPTOP-LE5SPD4L" failures="0" tests="1" name="RequestChaining.CreateProjectAndUpdate" time="5.751" errors="0" timestamp="2022-07-10T13:00:49 IST" skipped="0">
  <testcase classname="RequestChaining.CreateProjectAndUpdate" name="createProjectAndUpdate" time="5.751"/>
  <system-out/>
</testsuite> <!-- RequestChaining.CreateProjectAndUpdate -->
