<?xml version="1.0" encoding="UTF-8"?>
<!-- Generated by org.testng.reporters.JUnitReportReporter -->
<testsuite hostname="LAPTOP-LE5SPD4L" failures="0" tests="1" name="CRUDOperationUsingPojo.PojoClass" time="8.165" errors="0" timestamp="2022-07-08T11:18:41 IST" skipped="0">
  <testcase classname="CRUDOperationUsingPojo.PojoClass" name="pojoclass" time="8.165"/>
  <system-out/>
</testsuite> <!-- CRUDOperationUsingPojo.PojoClass -->
