<?xml version="1.0" encoding="UTF-8"?>
<!-- Generated by org.testng.reporters.JUnitReportReporter -->
<testsuite hostname="LAPTOP-LE5SPD4L" failures="0" tests="1" name="PetStoreDetails.PetStoreDetails" time="11.063" errors="0" timestamp="2022-07-08T21:35:48 IST" skipped="0">
  <testcase classname="PetStoreDetails.PetStoreDetails" name="petStoreDetails" time="11.063"/>
  <system-out/>
</testsuite> <!-- PetStoreDetails.PetStoreDetails -->
