<?xml version="1.0" encoding="UTF-8"?>
<!-- Generated by org.testng.reporters.JUnitReportReporter -->
<testsuite hostname="LAPTOP-LE5SPD4L" failures="0" tests="1" name="RequestChaining.CreateProjectAndGet" time="7.250" errors="0" timestamp="2022-07-09T22:39:07 IST" skipped="0">
  <testcase classname="RequestChaining.CreateProjectAndGet" name="createProjectAndGet" time="7.250"/>
  <system-out/>
</testsuite> <!-- RequestChaining.CreateProjectAndGet -->
